<?xml version="1.0" encoding="UTF-8"?>
<testsuite xmlns:xsi="http://www.w3.org/2001/XMLSchema-instance" xsi:noNamespaceSchemaLocation="https://maven.apache.org/surefire/maven-surefire-plugin/xsd/surefire-test-report.xsd" version="3.0.1" name="com.algoritmos.pilhas.pilhaVetor.PilhaVetorTest" time="0.08" tests="8" errors="0" skipped="0" failures="0">
  <properties>
    <property name="java.specification.version" value="21"/>
    <property name="sun.jnu.encoding" value="UTF-8"/>
    <property name="java.class.path" value="/home/vitor-nuvme/FURB/Algoritmos_Estrutura_Dados/meu-projeto/atividades/target/test-classes:/home/vitor-nuvme/FURB/Algoritmos_Estrutura_Dados/meu-projeto/atividades/target/classes:/home/vitor-nuvme/.m2/repository/org/junit/jupiter/junit-jupiter-api/5.11.0/junit-jupiter-api-5.11.0.jar:/home/vitor-nuvme/.m2/repository/org/opentest4j/opentest4j/1.3.0/opentest4j-1.3.0.jar:/home/vitor-nuvme/.m2/repository/org/junit/platform/junit-platform-commons/1.11.0/junit-platform-commons-1.11.0.jar:/home/vitor-nuvme/.m2/repository/org/apiguardian/apiguardian-api/1.1.2/apiguardian-api-1.1.2.jar:/home/vitor-nuvme/.m2/repository/org/junit/jupiter/junit-jupiter-params/5.11.0/junit-jupiter-params-5.11.0.jar:"/>
    <property name="java.vm.vendor" value="Ubuntu"/>
    <property name="sun.arch.data.model" value="64"/>
    <property name="java.vendor.url" value="https://ubuntu.com/"/>
    <property name="os.name" value="Linux"/>
    <property name="java.vm.specification.version" value="21"/>
    <property name="sun.java.launcher" value="SUN_STANDARD"/>
    <property name="user.country" value="BR"/>
    <property name="sun.boot.library.path" value="/usr/lib/jvm/java-21-openjdk-amd64/lib"/>
    <property name="sun.java.command" value="/home/vitor-nuvme/FURB/Algoritmos_Estrutura_Dados/meu-projeto/atividades/target/surefire/surefirebooter-20250327152355377_3.jar /home/vitor-nuvme/FURB/Algoritmos_Estrutura_Dados/meu-projeto/atividades/target/surefire 2025-03-27T15-23-55_315-jvmRun1 surefire-20250327152355377_1tmp surefire_0-20250327152355377_2tmp"/>
    <property name="jdk.debug" value="release"/>
    <property name="test" value="PilhaVetorTest"/>
    <property name="surefire.test.class.path" value="/home/vitor-nuvme/FURB/Algoritmos_Estrutura_Dados/meu-projeto/atividades/target/test-classes:/home/vitor-nuvme/FURB/Algoritmos_Estrutura_Dados/meu-projeto/atividades/target/classes:/home/vitor-nuvme/.m2/repository/org/junit/jupiter/junit-jupiter-api/5.11.0/junit-jupiter-api-5.11.0.jar:/home/vitor-nuvme/.m2/repository/org/opentest4j/opentest4j/1.3.0/opentest4j-1.3.0.jar:/home/vitor-nuvme/.m2/repository/org/junit/platform/junit-platform-commons/1.11.0/junit-platform-commons-1.11.0.jar:/home/vitor-nuvme/.m2/repository/org/apiguardian/apiguardian-api/1.1.2/apiguardian-api-1.1.2.jar:/home/vitor-nuvme/.m2/repository/org/junit/jupiter/junit-jupiter-params/5.11.0/junit-jupiter-params-5.11.0.jar:"/>
    <property name="sun.cpu.endian" value="little"/>
    <property name="user.home" value="/home/vitor-nuvme"/>
    <property name="user.language" value="pt"/>
    <property name="java.specification.vendor" value="Oracle Corporation"/>
    <property name="java.version.date" value="2025-01-21"/>
    <property name="java.home" value="/usr/lib/jvm/java-21-openjdk-amd64"/>
    <property name="file.separator" value="/"/>
    <property name="basedir" value="/home/vitor-nuvme/FURB/Algoritmos_Estrutura_Dados/meu-projeto/atividades"/>
    <property name="java.vm.compressedOopsMode" value="32-bit"/>
    <property name="line.separator" value="&#10;"/>
    <property name="java.specification.name" value="Java Platform API Specification"/>
    <property name="java.vm.specification.vendor" value="Oracle Corporation"/>
    <property name="surefire.real.class.path" value="/home/vitor-nuvme/FURB/Algoritmos_Estrutura_Dados/meu-projeto/atividades/target/surefire/surefirebooter-20250327152355377_3.jar"/>
    <property name="sun.management.compiler" value="HotSpot 64-Bit Tiered Compilers"/>
    <property name="java.runtime.version" value="21.0.6+7-Ubuntu-122.04.1"/>
    <property name="user.name" value="vitor-nuvme"/>
    <property name="stdout.encoding" value="UTF-8"/>
    <property name="path.separator" value=":"/>
    <property name="os.version" value="6.8.0-52-generic"/>
    <property name="java.runtime.name" value="OpenJDK Runtime Environment"/>
    <property name="file.encoding" value="UTF-8"/>
    <property name="java.vm.name" value="OpenJDK 64-Bit Server VM"/>
    <property name="localRepository" value="/home/vitor-nuvme/.m2/repository"/>
    <property name="java.vendor.url.bug" value="https://bugs.launchpad.net/ubuntu/+source/openjdk-21"/>
    <property name="java.io.tmpdir" value="/tmp"/>
    <property name="java.version" value="21.0.6"/>
    <property name="user.dir" value="/home/vitor-nuvme/FURB/Algoritmos_Estrutura_Dados/meu-projeto/atividades"/>
    <property name="os.arch" value="amd64"/>
    <property name="java.vm.specification.name" value="Java Virtual Machine Specification"/>
    <property name="native.encoding" value="UTF-8"/>
    <property name="java.library.path" value="/usr/java/packages/lib:/usr/lib/x86_64-linux-gnu/jni:/lib/x86_64-linux-gnu:/usr/lib/x86_64-linux-gnu:/usr/lib/jni:/lib:/usr/lib"/>
    <property name="java.vm.info" value="mixed mode, sharing"/>
    <property name="stderr.encoding" value="UTF-8"/>
    <property name="java.vendor" value="Ubuntu"/>
    <property name="java.vm.version" value="21.0.6+7-Ubuntu-122.04.1"/>
    <property name="sun.io.unicode.encoding" value="UnicodeLittle"/>
    <property name="java.class.version" value="65.0"/>
  </properties>
  <testcase name="testEstaVaziaPilhaNaoVazia" classname="com.algoritmos.pilhas.pilhaVetor.PilhaVetorTest" time="0.033"/>
  <testcase name="testPeek" classname="com.algoritmos.pilhas.pilhaVetor.PilhaVetorTest" time="0.002"/>
  <testcase name="testLiberar" classname="com.algoritmos.pilhas.pilhaVetor.PilhaVetorTest" time="0.003"/>
  <testcase name="testEmpilharEDesempilhar" classname="com.algoritmos.pilhas.pilhaVetor.PilhaVetorTest" time="0.001"/>
  <testcase name="testEstaVaziaPilhaVazia" classname="com.algoritmos.pilhas.pilhaVetor.PilhaVetorTest" time="0.001"/>
  <testcase name="testPilhaVaziaException" classname="com.algoritmos.pilhas.pilhaVetor.PilhaVetorTest" time="0.002"/>
  <testcase name="testConcatenar" classname="com.algoritmos.pilhas.pilhaVetor.PilhaVetorTest" time="0.001"/>
  <testcase name="testPilhaCheiaException" classname="com.algoritmos.pilhas.pilhaVetor.PilhaVetorTest" time="0.001"/>
</testsuite>